<?xml version="1.0" encoding="UTF-8"?>
<!-- Generated by org.testng.reporters.JUnitReportReporter -->
<testsuite hostname="LAPTOP-D75CE3BM" failures="0" tests="1" name="org.testing.testcases.TC2_Postrecord" time="0.668" errors="0" timestamp="2022-10-26T13:41:10 IST" skipped="0">
  <testcase classname="org.testing.testcases.TC2_Postrecord" name="Testcase2" time="0.668"/>
  <system-out/>
</testsuite> <!-- org.testing.testcases.TC2_Postrecord -->
