<?xml version="1.0" encoding="UTF-8"?>
<!-- Generated by org.testng.reporters.JUnitReportReporter -->
<testsuite hostname="LAPTOP-D75CE3BM" failures="0" tests="1" name="org.testing.testcases.TC3_Getsinglerecord" time="0.157" errors="0" timestamp="2022-10-26T13:41:10 IST" skipped="0">
  <testcase classname="org.testing.testcases.TC3_Getsinglerecord" name="testcase3" time="0.157"/>
  <system-out/>
</testsuite> <!-- org.testing.testcases.TC3_Getsinglerecord -->
